<?xml version="1.0" encoding="UTF-8"?>
<!-- Generated by org.testng.reporters.JUnitReportReporter -->
<testsuite hostname="DESKTOP-J0717HM" failures="0" tests="1" name="testngpkg.Fileuploadrobot" time="2.184" errors="0" timestamp="2023-11-19T09:49:27 IST" skipped="0">
  <testcase classname="testngpkg.Fileuploadrobot" name="fileuploadpgm" time="2.184"/>
  <system-out/>
</testsuite> <!-- testngpkg.Fileuploadrobot -->
