<?xml version="1.0" encoding="UTF-8"?>
<!-- Generated by org.testng.reporters.JUnitReportReporter -->
<testsuite hostname="DESKTOP-J0717HM" failures="0" tests="1" name="testngpkg.Fblogin" time="6.552" errors="0" timestamp="2023-10-19T14:39:19 IST" skipped="0">
  <testcase classname="testngpkg.Fblogin" name="test" time="6.552"/>
  <system-out/>
</testsuite> <!-- testngpkg.Fblogin -->
