<?xml version="1.0" encoding="UTF-8"?>
<!-- Generated by org.testng.reporters.JUnitReportReporter -->
<testsuite hostname="DESKTOP-J0717HM" failures="0" tests="3" name="testngpkg.TestNGdemo" time="0.020" errors="0" timestamp="2023-10-18T14:39:00 IST" skipped="1">
  <testcase classname="testngpkg.TestNGdemo" name="test3" time="0.013"/>
  <system-out/>
  <testcase classname="testngpkg.TestNGdemo" name="test2" time="0.007"/>
  <system-out/>
  <testcase classname="testngpkg.TestNGdemo" name="test1">
    <skipped/>
  </testcase> <!-- test1 -->
  <system-out/>
</testsuite> <!-- testngpkg.TestNGdemo -->
