<?xml version="1.0" encoding="UTF-8"?>
<!-- Generated by org.testng.reporters.JUnitReportReporter -->
<testsuite hostname="DESKTOP-J0717HM" failures="0" tests="1" name="testngpkg.Datadriven" time="4.441" errors="0" timestamp="2023-11-18T18:35:10 IST" skipped="0">
  <testcase classname="testngpkg.Datadriven" name="test" time="4.441"/>
  <system-out/>
</testsuite> <!-- testngpkg.Datadriven -->
