<?xml version="1.0" encoding="UTF-8"?>
<!-- Generated by org.testng.reporters.JUnitReportReporter -->
<testsuite hostname="DESKTOP-J0717HM" failures="0" tests="3" name="testngpkg.Grouping" time="0.014" errors="0" timestamp="2023-10-18T15:11:02 IST" skipped="0">
  <testcase classname="testngpkg.Grouping" name="test2" time="0.003"/>
  <system-out/>
  <testcase classname="testngpkg.Grouping" name="test3" time="0.002"/>
  <system-out/>
  <testcase classname="testngpkg.Grouping" name="test1" time="0.009"/>
  <system-out/>
</testsuite> <!-- testngpkg.Grouping -->
