<?xml version="1.0" encoding="UTF-8"?>
<!-- Generated by org.testng.reporters.JUnitReportReporter -->
<testsuite hostname="DESKTOP-J0717HM" failures="0" tests="1" name="testngpkg.Copypaste" time="0.695" errors="0" timestamp="2023-11-01T14:05:34 IST" skipped="0">
  <testcase classname="testngpkg.Copypaste" name="test" time="0.695"/>
  <system-out/>
</testsuite> <!-- testngpkg.Copypaste -->
