<?xml version="1.0" encoding="UTF-8"?>
<!-- Generated by org.testng.reporters.JUnitReportReporter -->
<testsuite hostname="DESKTOP-J0717HM" failures="0" tests="1" name="testpkg.Fblogintest" time="0.387" errors="0" timestamp="2023-11-02T14:11:00 IST" skipped="0">
  <testcase classname="testpkg.Fblogintest" name="test" time="0.387"/>
  <system-out/>
</testsuite> <!-- testpkg.Fblogintest -->
