<?xml version="1.0" encoding="UTF-8"?>
<!-- Generated by org.testng.reporters.JUnitReportReporter -->
<testsuite hostname="DESKTOP-J0717HM" failures="0" tests="1" name="testngpkg.Windowhandler" time="4.612" errors="0" timestamp="2023-11-20T10:06:31 IST" skipped="0">
  <testcase classname="testngpkg.Windowhandler" name="test" time="4.612"/>
  <system-out/>
</testsuite> <!-- testngpkg.Windowhandler -->
