<?xml version="1.0" encoding="UTF-8"?>
<!-- Generated by org.testng.reporters.JUnitReportReporter -->
<testsuite hostname="DESKTOP-J0717HM" failures="0" tests="1" name="testngpkg.Justdial" time="9.266" errors="0" timestamp="2023-10-28T11:12:38 IST" skipped="0">
  <testcase classname="testngpkg.Justdial" name="test1" time="9.266"/>
  <system-out/>
</testsuite> <!-- testngpkg.Justdial -->
