<?xml version="1.0" encoding="UTF-8"?>
<!-- Generated by org.testng.reporters.JUnitReportReporter -->
<testsuite hostname="DESKTOP-J0717HM" failures="0" tests="1" name="testngpkg.Draganddrop" time="0.536" errors="0" timestamp="2023-11-01T15:04:01 IST" skipped="0">
  <testcase classname="testngpkg.Draganddrop" name="draganddrop" time="0.536"/>
  <system-out/>
</testsuite> <!-- testngpkg.Draganddrop -->
