<?xml version="1.0" encoding="UTF-8"?>
<!-- Generated by org.testng.reporters.JUnitReportReporter -->
<testsuite hostname="DESKTOP-J0717HM" failures="0" tests="3" name="testngpkg.Crossbrowsertesting" time="14.336" errors="0" timestamp="2023-10-25T14:50:48 IST" skipped="0">
  <testcase classname="testngpkg.Crossbrowsertesting" name="test" time="7.529"/>
  <system-out/>
  <testcase classname="testngpkg.Crossbrowsertesting" name="test" time="3.717"/>
  <system-out/>
  <testcase classname="testngpkg.Crossbrowsertesting" name="test" time="3.090"/>
  <system-out/>
</testsuite> <!-- testngpkg.Crossbrowsertesting -->
